<?xml version="1.0" encoding="UTF-8"?>
<!-- Generated by org.testng.reporters.JUnitReportReporter -->
<testsuite hostname="Ojass-MacBook-Air.local" failures="0" tests="1" name="com.QAAutomation.TestCases.LoginTest" time="1.246" errors="0" timestamp="2021-03-03T19:21:16 GMT-05:00" skipped="0">
  <testcase classname="com.QAAutomation.TestCases.LoginTest" name="LoginAsBankManager" time="1.246"/>
  <system-out/>
</testsuite> <!-- com.QAAutomation.TestCases.LoginTest -->
