<?xml version="1.0" encoding="UTF-8"?>
<!-- Generated by org.testng.reporters.JUnitReportReporter -->
<testsuite skipped="0" hostname="Ojass-MacBook-Air.local" name="com.QAAutomation.TestCases.AddCustomerTest" tests="3" failures="0" timestamp="2021-03-30T19:15:37 EDT" time="2.734" errors="0">
  <testcase name="addCustomerTest" time="0.598" classname="com.QAAutomation.TestCases.AddCustomerTest"/>
  <system-out/>
  <testcase name="addCustomerTest" time="1.442" classname="com.QAAutomation.TestCases.AddCustomerTest"/>
  <system-out/>
  <testcase name="addCustomerTest" time="0.694" classname="com.QAAutomation.TestCases.AddCustomerTest"/>
  <system-out/>
</testsuite> <!-- com.QAAutomation.TestCases.AddCustomerTest -->
