<?xml version="1.0" encoding="UTF-8"?>
<!-- Generated by org.testng.reporters.JUnitReportReporter -->
<testsuite skipped="0" hostname="Ojass-MacBook-Air.local" name="com.QAAutomation.TestCases.BankManagerLoginTest" tests="1" failures="0" timestamp="2021-03-30T19:15:37 EDT" time="0.634" errors="0">
  <testcase name="LoginAsBankManager" time="0.634" classname="com.QAAutomation.TestCases.BankManagerLoginTest"/>
  <system-out>
Bank manager Login Test Pass  </system-out>
</testsuite> <!-- com.QAAutomation.TestCases.BankManagerLoginTest -->
