<?xml version="1.0" encoding="UTF-8"?>
<!-- Generated by org.testng.reporters.JUnitReportReporter -->
<testsuite skipped="0" hostname="Ojass-MacBook-Air.local" name="com.QAAutomation.TestCases.OpenAccountTest" tests="1" failures="0" timestamp="06 Mar 2021 05:03:52 GMT" time="1.108" errors="0">
  <testcase name="openAccountTest" time="1.108" classname="com.QAAutomation.TestCases.OpenAccountTest"/>
</testsuite> <!-- com.QAAutomation.TestCases.OpenAccountTest -->
