<?xml version="1.0" encoding="UTF-8"?>
<!-- Generated by org.testng.reporters.JUnitReportReporter -->
<testsuite skipped="0" hostname="Ojass-MacBook-Air.local" name="com.QAAutomation.TestCases.BankManagerLoginTest" tests="1" failures="0" timestamp="06 Mar 2021 05:03:52 GMT" time="1.219" errors="0">
  <testcase name="LoginAsBankManager" time="1.219" classname="com.QAAutomation.TestCases.BankManagerLoginTest"/>
</testsuite> <!-- com.QAAutomation.TestCases.BankManagerLoginTest -->
